<?xml version="1.0" encoding="UTF-8"?>
<!-- Generated by org.testng.reporters.JUnitReportReporter -->
<testsuite name="org.testing.TestScripts.getRequestUsingQuery" tests="1" time="0.157" ignored="0" failures="0" timestamp="02 Aug 2020 13:12:57 GMT" skipped="0" hostname="LIPL-HO-L-088" errors="0">
  <testcase name="getRequestUsingQueryParameter" time="0.157" classname="org.testing.TestScripts.getRequestUsingQuery"/>
</testsuite> <!-- org.testing.TestScripts.getRequestUsingQuery -->
