<?xml version="1.0" encoding="UTF-8"?>
<!-- Generated by org.testng.reporters.JUnitReportReporter -->
<testsuite name="org.testing.TestScripts.deleteRequestTC" tests="1" time="0.061" ignored="0" failures="0" timestamp="02 Aug 2020 13:12:57 GMT" skipped="0" hostname="LIPL-HO-L-088" errors="0">
  <testcase name="deleteRequest" time="0.061" classname="org.testing.TestScripts.deleteRequestTC"/>
</testsuite> <!-- org.testing.TestScripts.deleteRequestTC -->
