<?xml version="1.0" encoding="UTF-8"?>
<!-- Generated by org.testng.reporters.JUnitReportReporter -->
<testsuite name="org.testing.TestScripts.getRequestTC" tests="1" time="0.077" ignored="0" failures="0" timestamp="02 Aug 2020 13:12:57 GMT" skipped="0" hostname="LIPL-HO-L-088" errors="0">
  <testcase name="getRequestUsingEndpoint" time="0.077" classname="org.testing.TestScripts.getRequestTC"/>
</testsuite> <!-- org.testing.TestScripts.getRequestTC -->
