<?xml version="1.0" encoding="UTF-8"?>
<!-- Generated by org.testng.reporters.JUnitReportReporter -->
<testsuite name="org.testing.TestScripts.postRequestTC" tests="1" time="1.599" ignored="0" failures="0" timestamp="02 Aug 2020 13:12:57 GMT" skipped="0" hostname="LIPL-HO-L-088" errors="0">
  <testcase name="postRequest" time="1.599" classname="org.testing.TestScripts.postRequestTC"/>
</testsuite> <!-- org.testing.TestScripts.postRequestTC -->
